building Nix...
building the system configuration...
these 11 derivations will be built:
  /nix/store/sd66w8w2vkpbwjy91y95h8rsad8wcysl-system-path.drv
  /nix/store/ia5abk49h8p06bzrbvsgm5wa0k8z72jz-dbus-1.drv
  /nix/store/2hkp2i8i2jf939v6dq8v1k1xdy7bsgjm-X-Restart-Triggers-dbus.drv
  /nix/store/2v5dzqi9iscvjjxxx4v5prc6aw77lmg0-X-Restart-Triggers-polkit.drv
  /nix/store/5dmb4p096rb0ad98anyn20jdh6whh50d-unit-dbus.service.drv
  /nix/store/pahlpx6n3p96k1qby9w8jv8ma90ch1fn-unit-dbus.service.drv
  /nix/store/pjlr8j1wba3npg6nlibz4sm7bcp0pcjj-unit-polkit.service.drv
  /nix/store/x3wc7sgzjhb2adl397miqm48sr85204d-system-units.drv
  /nix/store/zcda46g863b6jsv2gpcz2ln23wkcd672-user-units.drv
  /nix/store/pfqynqz267mbzirj6g8v34rqd9860xgv-etc.drv
  /nix/store/hv6zkdiv7p1kmy1px95j4i88lnr8zlmv-nixos-system-nixos-25.05.806427.32a4e8794210.drv
this path will be fetched (1.51 MiB download, 6.31 MiB unpacked):
  /nix/store/fiy0cy0zki3mpxj441584q9hqxmx8p5w-ripgrep-14.1.1
copying path '/nix/store/fiy0cy0zki3mpxj441584q9hqxmx8p5w-ripgrep-14.1.1' from 'https://cache.nixos.org'...
building '/nix/store/sd66w8w2vkpbwjy91y95h8rsad8wcysl-system-path.drv'...
created 8872 symlinks in user environment
building '/nix/store/2v5dzqi9iscvjjxxx4v5prc6aw77lmg0-X-Restart-Triggers-polkit.drv'...
building '/nix/store/ia5abk49h8p06bzrbvsgm5wa0k8z72jz-dbus-1.drv'...
building '/nix/store/pjlr8j1wba3npg6nlibz4sm7bcp0pcjj-unit-polkit.service.drv'...
building '/nix/store/2hkp2i8i2jf939v6dq8v1k1xdy7bsgjm-X-Restart-Triggers-dbus.drv'...
building '/nix/store/5dmb4p096rb0ad98anyn20jdh6whh50d-unit-dbus.service.drv'...
building '/nix/store/pahlpx6n3p96k1qby9w8jv8ma90ch1fn-unit-dbus.service.drv'...
building '/nix/store/zcda46g863b6jsv2gpcz2ln23wkcd672-user-units.drv'...
building '/nix/store/x3wc7sgzjhb2adl397miqm48sr85204d-system-units.drv'...
building '/nix/store/pfqynqz267mbzirj6g8v34rqd9860xgv-etc.drv'...
building '/nix/store/hv6zkdiv7p1kmy1px95j4i88lnr8zlmv-nixos-system-nixos-25.05.806427.32a4e8794210.drv'...
activating the configuration...
setting up /etc...
reloading user units for brian...
restarting sysinit-reactivation.target
reloading the following units: dbus.service
the following new units were started: NetworkManager-dispatcher.service
Done. The new configuration is /nix/store/83fw2h8a5zrzd6q5qnlz5gw2nrsgm0pq-nixos-system-nixos-25.05.806427.32a4e8794210
